0 info it worked if it ends with ok
1 verbose cli [ 'node', '/usr/bin/npm', 'start' ]
2 info using npm@3.8.3
3 info using node@v0.10.42
4 verbose node symlink /usr/bin/node
5 verbose run-script [ 'prestart', 'start', 'poststart' ]
6 info lifecycle firstelectronapp@1.0.0~prestart: firstelectronapp@1.0.0
7 silly lifecycle firstelectronapp@1.0.0~prestart: no script for prestart, continuing
8 info lifecycle firstelectronapp@1.0.0~start: firstelectronapp@1.0.0
9 verbose lifecycle firstelectronapp@1.0.0~start: unsafe-perm in lifecycle true
10 verbose lifecycle firstelectronapp@1.0.0~start: PATH: /usr/lib/node_modules/npm/bin/node-gyp-bin:/home/rehlaender/wrkdir/FrontPractices/ReactAndElectron/firstelectronapp/node_modules/.bin:/usr/bin:/home/rehlaender/.rvm/gems/ruby-2.2.1/bin:/home/rehlaender/.rvm/gems/ruby-2.2.1@global/bin:/home/rehlaender/.rvm/rubies/ruby-2.2.1/bin:/usr/lib/lightdm/lightdm:/usr/local/sbin:/usr/local/bin:/usr/sbin:/usr/bin:/sbin:/bin:/usr/games:/home/rehlaender/.rvm/bin:/home/rehlaender/.rvm/bin:/home/rehlaender/.rvm/bin
11 verbose lifecycle firstelectronapp@1.0.0~start: CWD: /home/rehlaender/wrkdir/FrontPractices/ReactAndElectron/firstelectronapp
12 silly lifecycle firstelectronapp@1.0.0~start: Args: [ '-c', './electron/electron firstelectronapp.app/' ]
13 info lifecycle firstelectronapp@1.0.0~start: Failed to exec start script
14 verbose stack Error: firstelectronapp@1.0.0 start: `./electron/electron firstelectronapp.app/`
14 verbose stack spawn ENOENT
14 verbose stack     at ChildProcess.<anonymous> (/usr/lib/node_modules/npm/lib/utils/spawn.js:17:16)
14 verbose stack     at ChildProcess.emit (events.js:98:17)
14 verbose stack     at maybeClose (child_process.js:766:16)
14 verbose stack     at Process.ChildProcess._handle.onexit (child_process.js:833:5)
15 verbose pkgid firstelectronapp@1.0.0
16 verbose cwd /home/rehlaender/wrkdir/FrontPractices/ReactAndElectron/firstelectronapp
17 error Linux 3.13.0-77-generic
18 error argv "node" "/usr/bin/npm" "start"
19 error node v0.10.42
20 error npm  v3.8.3
21 error file sh
22 error code ELIFECYCLE
23 error errno ENOENT
24 error syscall spawn
25 error firstelectronapp@1.0.0 start: `./electron/electron firstelectronapp.app/`
25 error spawn ENOENT
26 error Failed at the firstelectronapp@1.0.0 start script './electron/electron firstelectronapp.app/'.
26 error Make sure you have the latest version of node.js and npm installed.
26 error If you do, this is most likely a problem with the firstelectronapp package,
26 error not with npm itself.
26 error Tell the author that this fails on your system:
26 error     ./electron/electron firstelectronapp.app/
26 error You can get information on how to open an issue for this project with:
26 error     npm bugs firstelectronapp
26 error Or if that isn't available, you can get their info via:
26 error     npm owner ls firstelectronapp
26 error There is likely additional logging output above.
27 verbose exit [ 1, true ]
